Transaction ID: 33e6cf02-836d-4fd0-8b00-846e18e93006
  - Trade ID: f7f55cb6-5a85-4e68-b83f-6f33ef5cec96
    - Trade Price: 1000.0
    - Trade Quantity: 5
    - Buy Order:
      - Order ID: 4dbde885-4e26-487b-ae12-b4532620269e
      - Type: BUY
      - Asset: Stock(symbol=GOOGL)
      - Quantity Traded: 5
      - Order Price: 1001.0
    - Sell Order:
      - Order ID: 6bca45ba-34d3-4087-b134-cae0195d1bc6
      - Type: SELL
      - Asset: Stock(symbol=GOOGL)
      - Quantity Traded: 5
      - Order Price: 1000.0

  - Timestamp: 1741355888577

Transaction ID: dcc93e7a-bf83-452d-a55f-4f4e8d6b1450
  - Trade ID: 8ab545c7-0060-4a74-84d6-2d2300327efa
    - Trade Price: 1000.0
    - Trade Quantity: 1
    - Buy Order:
      - Order ID: 1f85be23-a58e-4986-8d54-9f1f3286f6c2
      - Type: BUY
      - Asset: Stock(symbol=GOOGL)
      - Quantity Traded: 1
      - Order Price: 1003.0
    - Sell Order:
      - Order ID: 6bca45ba-34d3-4087-b134-cae0195d1bc6
      - Type: SELL
      - Asset: Stock(symbol=GOOGL)
      - Quantity Traded: 1
      - Order Price: 1000.0

  - Trade ID: b4f3f316-cb6c-4955-bb58-c31b6ac9ad92
    - Trade Price: 1002.0
    - Trade Quantity: 1
    - Buy Order:
      - Order ID: 1f85be23-a58e-4986-8d54-9f1f3286f6c2
      - Type: BUY
      - Asset: Stock(symbol=GOOGL)
      - Quantity Traded: 1
      - Order Price: 1003.0
    - Sell Order:
      - Order ID: 78b75455-d15a-4edf-aa99-c64ffb1e6117
      - Type: SELL
      - Asset: Stock(symbol=GOOGL)
      - Quantity Traded: 1
      - Order Price: 1002.0

  - Timestamp: 1741355888677

Transaction ID: df442d6c-006a-4bcf-abdb-d7f7a2a34937
  - Trade ID: 85b89151-80ba-486f-973b-2e707589f92a
    - Trade Price: 999.0
    - Trade Quantity: 7
    - Buy Order:
      - Order ID: 4f8f213f-5e3b-4bde-a4d9-5826b1d6ec7a
      - Type: BUY
      - Asset: Stock(symbol=GOOGL)
      - Quantity Traded: 7
      - Order Price: 1002.0
    - Sell Order:
      - Order ID: 84983931-2966-4269-b5e1-be7277b31976
      - Type: SELL
      - Asset: Stock(symbol=GOOGL)
      - Quantity Traded: 7
      - Order Price: 999.0

  - Trade ID: 5a7dba66-64a4-411f-9c4b-a2134f662fb5
    - Trade Price: 1002.0
    - Trade Quantity: 3
    - Buy Order:
      - Order ID: 4f8f213f-5e3b-4bde-a4d9-5826b1d6ec7a
      - Type: BUY
      - Asset: Stock(symbol=GOOGL)
      - Quantity Traded: 3
      - Order Price: 1002.0
    - Sell Order:
      - Order ID: 78b75455-d15a-4edf-aa99-c64ffb1e6117
      - Type: SELL
      - Asset: Stock(symbol=GOOGL)
      - Quantity Traded: 3
      - Order Price: 1002.0

  - Timestamp: 1741355888879

